This file contains any messages produced by compilers while
running configure, to aid debugging if configure makes a mistake.

It was created by FuncA configure 1.0, which was
generated by GNU Autoconf 2.71.  Invocation command line was

  $ ./configure

## --------- ##
## Platform. ##
## --------- ##

hostname = ubuntu19
uname -m = x86_64
uname -r = 5.15.0-124-generic
uname -s = Linux
uname -v = #134~20.04.1-Ubuntu SMP Tue Oct 1 15:27:33 UTC 2024

/usr/bin/uname -p = x86_64
/bin/uname -X     = unknown

/bin/arch              = x86_64
/usr/bin/arch -k       = unknown
/usr/convex/getsysinfo = unknown
/usr/bin/hostinfo      = unknown
/bin/machine           = unknown
/usr/bin/oslevel       = unknown
/bin/universe          = unknown

PATH: /usr/local/sbin/
PATH: /usr/local/bin/
PATH: /usr/sbin/
PATH: /usr/bin/
PATH: /sbin/
PATH: /bin/
PATH: /usr/games/
PATH: /usr/local/games/
PATH: /snap/bin/


## ----------- ##
## Core tests. ##
## ----------- ##

configure:2002: looking for aux files: missing install-sh
configure:2015:  trying ./
configure:2044:   ./missing found
configure:2026:   ./install-sh found
configure:2173: checking for a BSD-compatible install
configure:2246: result: /usr/bin/install -c
configure:2257: checking whether build environment is sane
configure:2312: result: yes
configure:2469: checking for a race-free mkdir -p
configure:2513: result: /usr/bin/mkdir -p
configure:2520: checking for gawk
configure:2555: result: no
configure:2520: checking for mawk
configure:2541: found /usr/bin/mawk
configure:2552: result: mawk
configure:2563: checking whether make sets $(MAKE)
configure:2586: result: yes
configure:2616: checking whether make supports nested variables
configure:2634: result: yes
configure:2839: checking for g++
configure:2860: found /usr/bin/g++
configure:2871: result: g++
configure:2898: checking for C++ compiler version
configure:2907: g++ --version >&5
g++ (Ubuntu 9.4.0-1ubuntu1~20.04.2) 9.4.0
Copyright (C) 2019 Free Software Foundation, Inc.
This is free software; see the source for copying conditions.  There is NO
warranty; not even for MERCHANTABILITY or FITNESS FOR A PARTICULAR PURPOSE.

configure:2918: $? = 0
configure:2907: g++ -v >&5
Using built-in specs.
COLLECT_GCC=g++
COLLECT_LTO_WRAPPER=/usr/lib/gcc/x86_64-linux-gnu/9/lto-wrapper
OFFLOAD_TARGET_NAMES=nvptx-none:hsa
OFFLOAD_TARGET_DEFAULT=1
Target: x86_64-linux-gnu
Configured with: ../src/configure -v --with-pkgversion='Ubuntu 9.4.0-1ubuntu1~20.04.2' --with-bugurl=file:///usr/share/doc/gcc-9/README.Bugs --enable-languages=c,ada,c++,go,brig,d,fortran,objc,obj-c++,gm2 --prefix=/usr --with-gcc-major-version-only --program-suffix=-9 --program-prefix=x86_64-linux-gnu- --enable-shared --enable-linker-build-id --libexecdir=/usr/lib --without-included-gettext --enable-threads=posix --libdir=/usr/lib --enable-nls --enable-clocale=gnu --enable-libstdcxx-debug --enable-libstdcxx-time=yes --with-default-libstdcxx-abi=new --enable-gnu-unique-object --disable-vtable-verify --enable-plugin --enable-default-pie --with-system-zlib --with-target-system-zlib=auto --enable-objc-gc=auto --enable-multiarch --disable-werror --with-arch-32=i686 --with-abi=m64 --with-multilib-list=m32,m64,mx32 --enable-multilib --with-tune=generic --enable-offload-targets=nvptx-none=/build/gcc-9-9QDOt0/gcc-9-9.4.0/debian/tmp-nvptx/usr,hsa --without-cuda-driver --enable-checking=release --build=x86_64-linux-gnu --host=x86_64-linux-gnu --target=x86_64-linux-gnu
Thread model: posix
gcc version 9.4.0 (Ubuntu 9.4.0-1ubuntu1~20.04.2) 
configure:2918: $? = 0
configure:2907: g++ -V >&5
g++: error: unrecognized command line option '-V'
g++: fatal error: no input files
compilation terminated.
configure:2918: $? = 1
configure:2907: g++ -qversion >&5
g++: error: unrecognized command line option '-qversion'; did you mean '--version'?
g++: fatal error: no input files
compilation terminated.
configure:2918: $? = 1
configure:2938: checking whether the C++ compiler works
configure:2960: g++    conftest.cpp  >&5
configure:2964: $? = 0
configure:3014: result: yes
configure:3017: checking for C++ compiler default output file name
configure:3019: result: a.out
configure:3025: checking for suffix of executables
configure:3032: g++ -o conftest    conftest.cpp  >&5
configure:3036: $? = 0
configure:3059: result: 
configure:3081: checking whether we are cross compiling
configure:3089: g++ -o conftest    conftest.cpp  >&5
configure:3093: $? = 0
configure:3100: ./conftest
configure:3104: $? = 0
configure:3092: result: no
configure:3097: checking for suffix of object files
configure:3120: g++ -c   conftest.cpp >&5
configure:3124: $? = 0
configure:3146: result: o
configure:3150: checking whether the compiler supports GNU C++
configure:3170: g++ -c   conftest.cpp >&5
configure:3170: $? = 0
configure:3180: result: yes
configure:3191: checking whether g++ accepts -g
configure:3212: g++ -c -g  conftest.cpp >&5
configure:3212: $? = 0
configure:3256: result: yes
configure:3276: checking for g++ option to enable C++11 features
configure:3291: g++  -c -g -O2  conftest.cpp >&5
configure:3291: $? = 0
configure:3309: result: none needed
configure:3376: checking whether make supports the include directive
configure:3391: make -f confmf.GNU && cat confinc.out
this is the am__doit target
configure:3394: $? = 0
configure:3413: result: yes (GNU style)
configure:3439: checking dependency style of g++
configure:3551: result: gcc3
configure:3705: checking that generated files are newer than configure
configure:3711: result: done
configure:3734: creating ./config.status

## ---------------------- ##
## Running config.status. ##
## ---------------------- ##

This file was extended by FuncA config.status 1.0, which was
generated by GNU Autoconf 2.71.  Invocation command line was

  CONFIG_FILES    = 
  CONFIG_HEADERS  = 
  CONFIG_LINKS    = 
  CONFIG_COMMANDS = 
  $ ./config.status 

on ubuntu19

config.status:766: creating Makefile
config.status:766: creating tests/Makefile
config.status:938: executing depfiles commands
config.status:1015: cd .       && sed -e '/# am--include-marker/d' Makefile         | make -f - am--depfiles
make: Nothing to be done for 'am--depfiles'.
config.status:1020: $? = 0
config.status:1015: cd tests       && sed -e '/# am--include-marker/d' Makefile         | make -f - am--depfiles
make: Nothing to be done for 'am--depfiles'.
config.status:1020: $? = 0

## ---------------- ##
## Cache variables. ##
## ---------------- ##

ac_cv_cxx_compiler_gnu=yes
ac_cv_env_CCC_set=
ac_cv_env_CCC_value=
ac_cv_env_CPPFLAGS_set=
ac_cv_env_CPPFLAGS_value=
ac_cv_env_CXXFLAGS_set=
ac_cv_env_CXXFLAGS_value=
ac_cv_env_CXX_set=
ac_cv_env_CXX_value=
ac_cv_env_LDFLAGS_set=
ac_cv_env_LDFLAGS_value=
ac_cv_env_LIBS_set=
ac_cv_env_LIBS_value=
ac_cv_env_build_alias_set=
ac_cv_env_build_alias_value=
ac_cv_env_host_alias_set=
ac_cv_env_host_alias_value=
ac_cv_env_target_alias_set=
ac_cv_env_target_alias_value=
ac_cv_objext=o
ac_cv_path_install='/usr/bin/install -c'
ac_cv_path_mkdir=/usr/bin/mkdir
ac_cv_prog_AWK=mawk
ac_cv_prog_ac_ct_CXX=g++
ac_cv_prog_cxx_11=no
ac_cv_prog_cxx_cxx11=
ac_cv_prog_cxx_g=yes
ac_cv_prog_cxx_stdcxx=
ac_cv_prog_make_make_set=yes
am_cv_CXX_dependencies_compiler_type=gcc3
am_cv_make_support_nested_variables=yes

## ----------------- ##
## Output variables. ##
## ----------------- ##

ACLOCAL='${SHELL} '\''/home/rostics/Desktop/DevOps/Lab3_DevOps/missing'\'' aclocal-1.16'
AMDEPBACKSLASH='\'
AMDEP_FALSE='#'
AMDEP_TRUE=''
AMTAR='$${TAR-tar}'
AM_BACKSLASH='\'
AM_DEFAULT_V='$(AM_DEFAULT_VERBOSITY)'
AM_DEFAULT_VERBOSITY='1'
AM_V='$(V)'
AUTOCONF='${SHELL} '\''/home/rostics/Desktop/DevOps/Lab3_DevOps/missing'\'' autoconf'
AUTOHEADER='${SHELL} '\''/home/rostics/Desktop/DevOps/Lab3_DevOps/missing'\'' autoheader'
AUTOMAKE='${SHELL} '\''/home/rostics/Desktop/DevOps/Lab3_DevOps/missing'\'' automake-1.16'
AWK='mawk'
CPPFLAGS=''
CSCOPE='cscope'
CTAGS='ctags'
CXX='g++'
CXXDEPMODE='depmode=gcc3'
CXXFLAGS='-g -O2'
CYGPATH_W='echo'
DEFS='-DPACKAGE_NAME=\"FuncA\" -DPACKAGE_TARNAME=\"funca\" -DPACKAGE_VERSION=\"1.0\" -DPACKAGE_STRING=\"FuncA\ 1.0\" -DPACKAGE_BUGREPORT=\"superenko312@gmail.com\" -DPACKAGE_URL=\"\" -DPACKAGE=\"funca\" -DVERSION=\"1.0\"'
DEPDIR='.deps'
ECHO_C=''
ECHO_N='-n'
ECHO_T=''
ETAGS='etags'
EXEEXT=''
INSTALL_DATA='${INSTALL} -m 644'
INSTALL_PROGRAM='${INSTALL}'
INSTALL_SCRIPT='${INSTALL}'
INSTALL_STRIP_PROGRAM='$(install_sh) -c -s'
LDFLAGS=''
LIBOBJS=''
LIBS=''
LTLIBOBJS=''
MAKEINFO='${SHELL} '\''/home/rostics/Desktop/DevOps/Lab3_DevOps/missing'\'' makeinfo'
MKDIR_P='/usr/bin/mkdir -p'
OBJEXT='o'
PACKAGE='funca'
PACKAGE_BUGREPORT='superenko312@gmail.com'
PACKAGE_NAME='FuncA'
PACKAGE_STRING='FuncA 1.0'
PACKAGE_TARNAME='funca'
PACKAGE_URL=''
PACKAGE_VERSION='1.0'
PATH_SEPARATOR=':'
SET_MAKE=''
SHELL='/bin/bash'
STRIP=''
VERSION='1.0'
ac_ct_CXX='g++'
am__EXEEXT_FALSE=''
am__EXEEXT_TRUE='#'
am__fastdepCXX_FALSE='#'
am__fastdepCXX_TRUE=''
am__include='include'
am__isrc=''
am__leading_dot='.'
am__nodep='_no'
am__quote=''
am__tar='$${TAR-tar} chof - "$$tardir"'
am__untar='$${TAR-tar} xf -'
bindir='${exec_prefix}/bin'
build_alias=''
datadir='${datarootdir}'
datarootdir='${prefix}/share'
docdir='${datarootdir}/doc/${PACKAGE_TARNAME}'
dvidir='${docdir}'
exec_prefix='${prefix}'
host_alias=''
htmldir='${docdir}'
includedir='${prefix}/include'
infodir='${datarootdir}/info'
install_sh='${SHELL} /home/rostics/Desktop/DevOps/Lab3_DevOps/install-sh'
libdir='${exec_prefix}/lib'
libexecdir='${exec_prefix}/libexec'
localedir='${datarootdir}/locale'
localstatedir='${prefix}/var'
mandir='${datarootdir}/man'
mkdir_p='$(MKDIR_P)'
oldincludedir='/usr/include'
pdfdir='${docdir}'
prefix='/usr/local'
program_transform_name='s,x,x,'
psdir='${docdir}'
runstatedir='${localstatedir}/run'
sbindir='${exec_prefix}/sbin'
sharedstatedir='${prefix}/com'
sysconfdir='${prefix}/etc'
target_alias=''

## ----------- ##
## confdefs.h. ##
## ----------- ##

/* confdefs.h */
#define PACKAGE_NAME "FuncA"
#define PACKAGE_TARNAME "funca"
#define PACKAGE_VERSION "1.0"
#define PACKAGE_STRING "FuncA 1.0"
#define PACKAGE_BUGREPORT "superenko312@gmail.com"
#define PACKAGE_URL ""
#define PACKAGE "funca"
#define VERSION "1.0"

configure: exit 0

## ---------------------- ##
## Running config.status. ##
## ---------------------- ##

This file was extended by FuncA config.status 1.0, which was
generated by GNU Autoconf 2.71.  Invocation command line was

  CONFIG_FILES    = 
  CONFIG_HEADERS  = 
  CONFIG_LINKS    = 
  CONFIG_COMMANDS = 
  $ ./config.status Makefile depfiles

on ubuntu19

config.status:766: creating Makefile
config.status:938: executing depfiles commands
config.status:1015: cd .       && sed -e '/# am--include-marker/d' Makefile         | make -f - am--depfiles
make[1]: Entering directory '/home/rostics/Desktop/DevOps/Lab3_DevOps'
make[1]: Leaving directory '/home/rostics/Desktop/DevOps/Lab3_DevOps'
config.status:1020: $? = 0
